**********************
Windows PowerShell transcript start
Start time: 20260420010440
Username: AUTH\hwang
RunAs User: AUTH\hwang
Configuration Name: 
Machine: HP-5CG6062Z5K (Microsoft Windows NT 10.0.26100.0)
Host Application: C:\Windows\System32\WindowsPowerShell\v1.0\powershell.exe -noexit -command try { . "c:\Users\hwang\AppData\Local\Programs\Microsoft VS Code\560a9dba96\resources\app\out\vs\workbench\contrib\terminal\common\scripts\shellIntegration.ps1" } catch {}
Process ID: 9984
PSVersion: 5.1.26100.7462
PSEdition: Desktop
PSCompatibleVersions: 1.0, 2.0, 3.0, 4.0, 5.0, 5.1.26100.7462
BuildVersion: 10.0.26100.7462
CLRVersion: 4.0.30319.42000
WSManStackVersion: 3.0
PSRemotingProtocolVersion: 2.3
SerializationVersion: 1.1.0.1
**********************
Transcript started, output file is rcaeval_v4_full_20260420_010427.log

PS>TerminatingError(): "The pipeline has been stopped."
>> TerminatingError(): "The pipeline has been stopped."
(rca_work) PS C:\Users\hwang\Documents\GitHub\rca_work>
PS>python run_rcaeval.py --data-dir $RCAEVAL_DATA --systems ours --csv

(rca_work) PS C:\Users\hwang\Documents\GitHub\rca_work>
(rca_work) PS C:\Users\hwang\Documents\GitHub\rca_work>
PS>$paperDir = "paper_artifacts_$(Get-Date -Format 'yyyyMMdd')"
New-Item -ItemType Directory -Path $paperDir -Force | Out-Null
Copy-Item experiments\rcaeval\rcaeval_summary_*.json $paperDir\ -Force
Copy-Item experiments\rcaeval\rcaeval_results_*.csv $paperDir\ -Force
(rca_work) PS C:\Users\hwang\Documents\GitHub\rca_work>
PS>python diagnose_failures.py --results-dir experiments\rcaeval --only ours --csv "$paperDir\diagnosis_v5.csv"

(rca_work) PS C:\Users\hwang\Documents\GitHub\rca_work>
PS>Copy-Item experiments\summaries\*.csv $paperDir\ -Force
(rca_work) PS C:\Users\hwang\Documents\GitHub\rca_work>
PS>Get-ChildItem "$env:RCAEVAL_DATA\checkoutservice_cpu\1" | Format-Table Name, Length
Get-ChildItem : Cannot find path 'C:\checkoutservice_cpu\1' because it does not exist.
At line:1 char:1
+ Get-ChildItem "$env:RCAEVAL_DATA\checkoutservice_cpu\1" | Format-Tabl ...
+ ~~~~~~~~~~~~~~~~~~~~~~~~~~~~~~~~~~~~~~~~~~~~~~~~~~~~~~~
    + CategoryInfo          : ObjectNotFound: (C:\checkoutservice_cpu\1:String) [Get-ChildItem], ItemNotFoundException
    + FullyQualifiedErrorId : PathNotFound,Microsoft.PowerShell.Commands.GetChildItemCommand
Get-ChildItem : Cannot find path 'C:\checkoutservice_cpu\1' because it does not exist.
At line:1 char:1
+ Get-ChildItem "$env:RCAEVAL_DATA\checkoutservice_cpu\1" | Format-Tabl ...
+ ~~~~~~~~~~~~~~~~~~~~~~~~~~~~~~~~~~~~~~~~~~~~~~~~~~~~~~~
    + CategoryInfo          : ObjectNotFound: (C:\checkoutservice_cpu\1:String) [Get-Ch
   ildItem], ItemNotFoundException
    + FullyQualifiedErrorId : PathNotFound,Microsoft.PowerShell.Commands.GetChildItemCo
   mmand

(rca_work) PS C:\Users\hwang\Documents\GitHub\rca_work>
PS>Get-ChildItem "$env:RCAEVAL_DATA\checkoutservice_cpu\1" | Format-Table Name, Length
Get-ChildItem : Cannot find path 'C:\checkoutservice_cpu\1' because it does not exist.
At line:1 char:1
+ Get-ChildItem "$env:RCAEVAL_DATA\checkoutservice_cpu\1" | Format-Tabl ...
+ ~~~~~~~~~~~~~~~~~~~~~~~~~~~~~~~~~~~~~~~~~~~~~~~~~~~~~~~
    + CategoryInfo          : ObjectNotFound: (C:\checkoutservice_cpu\1:String) [Get-ChildItem], ItemNotFoundException
    + FullyQualifiedErrorId : PathNotFound,Microsoft.PowerShell.Commands.GetChildItemCommand
Get-ChildItem : Cannot find path 'C:\checkoutservice_cpu\1' because it does not exist.
At line:1 char:1
+ Get-ChildItem "$env:RCAEVAL_DATA\checkoutservice_cpu\1" | Format-Tabl ...
+ ~~~~~~~~~~~~~~~~~~~~~~~~~~~~~~~~~~~~~~~~~~~~~~~~~~~~~~~
    + CategoryInfo          : ObjectNotFound: (C:\checkoutservice_cpu\1:String) [Get-Ch
   ildItem], ItemNotFoundException
    + FullyQualifiedErrorId : PathNotFound,Microsoft.PowerShell.Commands.GetChildItemCo
   mmand

(rca_work) PS C:\Users\hwang\Documents\GitHub\rca_work>
