**********************
Windows PowerShell transcript start
Start time: 20260420114951
Username: AUTH\hwang
RunAs User: AUTH\hwang
Configuration Name: 
Machine: HP-5CG6062Z5K (Microsoft Windows NT 10.0.26100.0)
Host Application: C:\Windows\System32\WindowsPowerShell\v1.0\powershell.exe -noexit -command try { . "c:\Users\hwang\AppData\Local\Programs\Microsoft VS Code\560a9dba96\resources\app\out\vs\workbench\contrib\terminal\common\scripts\shellIntegration.ps1" } catch {}
Process ID: 2336
PSVersion: 5.1.26100.7462
PSEdition: Desktop
PSCompatibleVersions: 1.0, 2.0, 3.0, 4.0, 5.0, 5.1.26100.7462
BuildVersion: 10.0.26100.7462
CLRVersion: 4.0.30319.42000
WSManStackVersion: 3.0
PSRemotingProtocolVersion: 2.3
SerializationVersion: 1.1.0.1
**********************
Transcript started, output file is rcaeval_v6v7_full_20260420_113713.log

PS>TerminatingError(): "The pipeline has been stopped."
>> TerminatingError(): "The pipeline has been stopped."
(rca_work) PS C:\Users\hwang\Documents\GitHub\rca_work>
PS>cls
(rca_work) PS C:\Users\hwang\Documents\GitHub\rca_work>
PS>Write-Host "`n=== v6+v7 Full run (90 cases, ~75min) ===" -ForegroundColor Cyan
Write-Host "Started at $(Get-Date -Format 'HH:mm:ss')" -ForegroundColor Gray
Start-Transcript -Path "rcaeval_v6v7_full_$ts.log"

python run_rcaeval.py --data-dir $env:RCAEVAL_DATA --systems ours --csv

Stop-Transcript
Write-Host "`nFinished at $(Get-Date -Format 'HH:mm:ss')" -ForegroundColor Gray

=== v6+v7 Full run (90 cases, ~75min) ===
Started at 12:24:53
**********************
Windows PowerShell transcript end
End time: 20260420122453
**********************
