**********************
Windows PowerShell transcript start
Start time: 20260421010645
Username: AUTH\hwang
RunAs User: AUTH\hwang
Configuration Name: 
Machine: HP-5CG6062Z5K (Microsoft Windows NT 10.0.26100.0)
Host Application: C:\Windows\System32\WindowsPowerShell\v1.0\powershell.exe -noexit -command try { . "c:\Users\hwang\AppData\Local\Programs\Microsoft VS Code\560a9dba96\resources\app\out\vs\workbench\contrib\terminal\common\scripts\shellIntegration.ps1" } catch {}
Process ID: 42716
PSVersion: 5.1.26100.7462
PSEdition: Desktop
PSCompatibleVersions: 1.0, 2.0, 3.0, 4.0, 5.0, 5.1.26100.7462
BuildVersion: 10.0.26100.7462
CLRVersion: 4.0.30319.42000
WSManStackVersion: 3.0
PSRemotingProtocolVersion: 2.3
SerializationVersion: 1.1.0.1
**********************
Transcript started, output file is rcaeval_full_v8v9_jsonfix_20260421_010637.log

**********************
Windows PowerShell transcript end
End time: 20260421015227
**********************
